
 make.py started: 2014-08-12 17:49:05 C:\Users\zqian\Documents\lib\stata\platform 


Path: gslab_make
URL: http://gsbhmg01.chicagobooth.edu/svn/trunk/lib/python/gslab_make
Repository Root: http://gsbhmg01.chicagobooth.edu/svn
Repository UUID: 89b4331b-4301-411a-8e06-9c78d9cdb83d
Revision: 27678
Node Kind: directory
Last Changed Author: mwong4
Last Changed Rev: 27564
Last Changed Date: 2014-08-05 17:20:16 -0500 (Tue, 05 Aug 2014)


 get_externals.py started: 2014-08-12 17:49:05 C:\Users\zqian\Documents\lib\stata\platform

 Input was: "16195	%svn%/lib/stata/gslab_misc	*	./lib/stata/gslab_misc/	""""".
SVN command passed: http://gsbhmg01.chicagobooth.edu/svn/trunk/lib/stata/gslab_misc/ @16195 exported to ./external/./lib/stata/gslab_misc/.

 Input was: "16194	%svn%/lib/third_party/stata_tools	*	./lib/third_party/stata_tools	""""".
SVN command passed: http://gsbhmg01.chicagobooth.edu/svn/trunk/lib/third_party/stata_tools/ @16194 exported to ./external/./lib/third_party/stata_tools/.

 get_externals.py ended: 2014-08-12 17:49:10


Execute:  %STATAEXE% /e do "test_input_param.do"

  ___  ____  ____  ____  ____ (R)
 /__    /   ____/   /   ____/
___/   /   /___/   /   /___/   13.1   Copyright 1985-2013 StataCorp LP
  Statistics/Data Analysis            StataCorp
                                      4905 Lakeway Drive
     MP - Parallel Edition            College Station, Texas 77845 USA
                                      800-STATA-PC        http://www.stata.com
                                      979-696-4600        stata@stata.com
                                      979-696-4601 (fax)

22-user 8-core Stata network license expires 30 Jun 2015:
       Serial number:  501306001307
         Licensed to:  Shapiro/Gentzkow
                       Booth

Notes:
      1.  (/v# option or -set maxvar-) 5000 maximum variables
      2.  Stata running in batch mode


running C:\Program Files (x86)\Stata13\profile.do ...

. do test_input_param.do 

. version 13

. set more off

. adopath + ../external/lib/stata/gslab_misc/ado
  [1]  (BASE)      "C:\Program Files (x86)\Stata13\ado\base/"
  [2]  (SITE)      "C:\Program Files (x86)\Stata13\ado\site/"
  [3]              "."
  [4]  (PERSONAL)  "c:\ado\personal/"
  [5]  (PLUS)      "c:\ado\plus/"
  [6]  (OLDPLACE)  "c:\ado/"
  [7]              "../external/lib/stata/gslab_misc/ado"

. preliminaries, loadglob(../input_param.txt)

. 
. program main
  1.     display "cbb10 cbb13 cbc05 cbd01 cbd02 cbf01 cbf02 cbf03 cbg01 cbj08 cbt03 cbe08 cbe14 cbg05 cbh01 cbh02 cbl01 cbp02 = $all_issues"
  2.     display "cbb10 cbb13 cbc05 cbd01 cbd02 cbe08 cbe14 cbh01 cbh02 cbp02 = $econ_issues"
  3.     display "cbf01 cbf02 cbf03 cbg01 cbj08 cbg05 cbl01 cbt03 = $soc_issues"
  4.     display "cbc05 cbd01 cbd02 cbf01 cbf02 cbg01 cbe08 cbe14 cbg05 cbh01 cbh02 cbl01 = $subset_issues"
  5.     display "cbc05 cbd01 cbd02 cbe08 cbe14 cbh01 cbh02 = $subsecon_issues" 
  6.     display "cbf01 cbf02 cbg01 cbg05 cbl01 = $subssoc_issues"
  7. end

. 
. main
cbb10 cbb13 cbc05 cbd01 cbd02 cbf01 cbf02 cbf03 cbg01 cbj08 cbt03 cbe08 cbe14 cbg05 cbh01 cbh02 cbl01 cbp02 = cbb10 cbb13 cbc05 cbd01 cbd02 cbf01 cbf02 cbf03 cbg01 cbj08 cbt03 cbe08 cbe14 cbg05 cbh01 cbh02 cbl01 cbp02
cbb10 cbb13 cbc05 cbd01 cbd02 cbe08 cbe14 cbh01 cbh02 cbp02 = cbb10 cbb13 cbc05 cbd01 cbd02 cbe08 cbe14 cbh01 cbh02 cbp02
cbf01 cbf02 cbf03 cbg01 cbj08 cbg05 cbl01 cbt03 = cbf01 cbf02 cbf03 cbg01 cbj08 cbg05 cbl01 cbt03
cbc05 cbd01 cbd02 cbf01 cbf02 cbg01 cbe08 cbe14 cbg05 cbh01 cbh02 cbl01 = cbc05 cbd01 cbd02 cbf01 cbf02 cbg01 cbe08 cbe14 cbg05 cbh01 cbh02 cbl01
cbc05 cbd01 cbd02 cbe08 cbe14 cbh01 cbh02 = cbc05 cbd01 cbd02 cbe08 cbe14 cbh01 cbh02
cbf01 cbf02 cbg01 cbg05 cbl01 = cbf01 cbf02 cbg01 cbg05 cbl01

. 
. 
. 
end of do-file

 make.py ended: 2014-08-12 17:49:10
